# JRE version: Java(TM) SE Runtime Environment (22.0.1+8) (build 22.0.1+8-16)
# Java VM: Java HotSpot(TM) 64-Bit Server VM (22.0.1+8-16, mixed mode, emulated-client, sharing, tiered, compressed oops, compressed class ptrs, g1 gc, windows-amd64)
GC Precious Log:
 CardTable entry size: 512
 Card Set container configuration: InlinePtr #cards 5 size 8 Array Of Cards #cards 12 size 40 Howl #buckets 4 coarsen threshold 1843 Howl Bitmap #cards 512 size 80 coarsen threshold 460 Card regions per heap region 1 cards per card region 2048
 CPUs: 12 total, 12 available
 Memory: 7582M
 Large Page Support: Disabled
 NUMA Support: Disabled
 Compressed Oops: Enabled (32-bit)
 Heap Region Size: 1M
 Heap Min Capacity: 8M
 Heap Initial Capacity: 120M
 Heap Max Capacity: 1896M
 Pre-touch: Disabled
 Parallel Workers: 10
 Concurrent Workers: 3
 Concurrent Refinement Workers: 10
 Periodic GC: Disabled
Heap:
 garbage-first heap   total reserved 1941504K, committed 122880K, used 10917K [0x0000000089800000, 0x0000000100000000)
  region size 1024K, 2 young (2048K), 2 survivors (2048K)
 Metaspace       used 12360K, committed 12800K, reserved 1114112K
  class space    used 1673K, committed 1856K, reserved 1048576K
GC Heap History (9 events):
Event: 3.651 GC heap before
{Heap before GC invocations=0 (full 0):
 garbage-first heap   total reserved 1941504K, committed 122880K, used 25600K [0x0000000089800000, 0x0000000100000000)
  region size 1024K, 24 young (24576K), 0 survivors (0K)
 Metaspace       used 6877K, committed 7168K, reserved 1114112K
  class space    used 854K, committed 960K, reserved 1048576K
}
Event: 4.666 GC heap after
{Heap after GC invocations=1 (full 0):
 garbage-first heap   total reserved 1941504K, committed 122880K, used 8512K [0x0000000089800000, 0x0000000100000000)
  region size 1024K, 3 young (3072K), 3 survivors (3072K)
 Metaspace       used 6877K, committed 7168K, reserved 1114112K
  class space    used 854K, committed 960K, reserved 1048576K
}
Event: 4.762 GC heap before
{Heap before GC invocations=1 (full 0):
 garbage-first heap   total reserved 1941504K, committed 122880K, used 11584K [0x0000000089800000, 0x0000000100000000)
  region size 1024K, 6 young (6144K), 3 survivors (3072K)
 Metaspace       used 7393K, committed 7744K, reserved 1114112K
  class space    used 936K, committed 1088K, reserved 1048576K
}
Event: 4.767 GC heap after
{Heap after GC invocations=2 (full 0):
 garbage-first heap   total reserved 1941504K, committed 122880K, used 9073K [0x0000000089800000, 0x0000000100000000)
  region size 1024K, 1 young (1024K), 1 survivors (1024K)
 Metaspace       used 7393K, committed 7744K, reserved 1114112K
  class space    used 936K, committed 1088K, reserved 1048576K
}
Event: 4.973 GC heap before
{Heap before GC invocations=2 (full 0):
 garbage-first heap   total reserved 1941504K, committed 122880K, used 14193K [0x0000000089800000, 0x0000000100000000)
  region size 1024K, 6 young (6144K), 1 survivors (1024K)
 Metaspace       used 8638K, committed 8960K, reserved 1114112K
  class space    used 1116K, committed 1280K, reserved 1048576K
}
Event: 4.976 GC heap after
{Heap after GC invocations=3 (full 0):
 garbage-first heap   total reserved 1941504K, committed 122880K, used 9503K [0x0000000089800000, 0x0000000100000000)
  region size 1024K, 1 young (1024K), 1 survivors (1024K)
 Metaspace       used 8638K, committed 8960K, reserved 1114112K
  class space    used 1116K, committed 1280K, reserved 1048576K
}
Event: 5.178 GC heap before
{Heap before GC invocations=3 (full 0):
 garbage-first heap   total reserved 1941504K, committed 122880K, used 14623K [0x0000000089800000, 0x0000000100000000)
  region size 1024K, 6 young (6144K), 1 survivors (1024K)
 Metaspace       used 10110K, committed 10496K, reserved 1114112K
  class space    used 1320K, committed 1472K, reserved 1048576K
}
Event: 5.182 GC heap after
{Heap after GC invocations=4 (full 0):
 garbage-first heap   total reserved 1941504K, committed 122880K, used 9907K [0x0000000089800000, 0x0000000100000000)
  region size 1024K, 1 young (1024K), 1 survivors (1024K)
 Metaspace       used 10110K, committed 10496K, reserved 1114112K
  class space    used 1320K, committed 1472K, reserved 1048576K
}
Event: 5.559 GC heap before
{Heap before GC invocations=4 (full 0):
 garbage-first heap   total reserved 1941504K, committed 122880K, used 19123K [0x0000000089800000, 0x0000000100000000)
  region size 1024K, 11 young (11264K), 1 survivors (1024K)
 Metaspace       used 12360K, committed 12800K, reserved 1114112K
  class space    used 1673K, committed 1856K, reserved 1048576K
}

